<?xml version="1.0" encoding="UTF-8"?>
<!-- Generated by org.testng.reporters.JUnitReportReporter -->
<testsuite skipped="0" hostname="DESKTOP-L9LHJVH" name="HPE.B2BRESTAPI.SmokeTest" tests="4" failures="0" timestamp="02 Jun 2022 10:49:47 GMT" time="0.063" errors="0">
  <testcase name="purchaseOrderTest" time="0.008" classname="HPE.B2BRESTAPI.SmokeTest"/>
  <testcase name="loginTest" time="0.006" classname="HPE.B2BRESTAPI.SmokeTest"/>
  <testcase name="myAccountTest" time="0.008" classname="HPE.B2BRESTAPI.SmokeTest"/>
  <testcase name="HomeTest" time="0.041" classname="HPE.B2BRESTAPI.SmokeTest"/>
</testsuite> <!-- HPE.B2BRESTAPI.SmokeTest -->
