<?xml version="1.0" encoding="UTF-8"?>
<!-- Generated by org.testng.reporters.JUnitReportReporter -->
<testsuite skipped="0" hostname="DESKTOP-L9LHJVH" name="HPE.B2BRESTAPI.ExtentReportTest" tests="1" failures="0" timestamp="02 Jun 2022 11:34:05 GMT" time="3.725" errors="0">
  <testcase name="ExtentTest" time="3.725" classname="HPE.B2BRESTAPI.ExtentReportTest"/>
</testsuite> <!-- HPE.B2BRESTAPI.ExtentReportTest -->
